<?xml version="1.0" encoding="UTF-8"?>
<testng-results ignored="0" total="1" passed="1" failed="0" skipped="0">
  <reporter-output>
  </reporter-output>
  <suite started-at="2021-06-01T18:32:43Z" name="Default suite" finished-at="2021-06-01T18:32:48Z" duration-ms="5153">
    <groups>
    </groups>
    <test started-at="2021-06-01T18:32:43Z" name="Default test" finished-at="2021-06-01T18:32:48Z" duration-ms="5153">
      <class name="tests.TestSort">
        <test-method is-config="true" signature="createDriver()[pri:0, instance:tests.TestSort@305b7c14]" started-at="2021-06-01T18:32:43Z" name="createDriver" finished-at="2021-06-01T18:32:46Z" duration-ms="2370" status="PASS">
          <reporter-output>
          </reporter-output>
        </test-method> <!-- createDriver -->
        <test-method signature="testLoging2()[pri:0, instance:tests.TestSort@305b7c14]" started-at="2021-06-01T18:32:46Z" name="testLoging2" finished-at="2021-06-01T18:32:48Z" duration-ms="2765" status="PASS">
          <reporter-output>
          </reporter-output>
        </test-method> <!-- testLoging2 -->
      </class> <!-- tests.TestSort -->
    </test> <!-- Default test -->
  </suite> <!-- Default suite -->
</testng-results>
